<?xml version="1.0" encoding="UTF-8"?>
<testsuite xmlns:xsi="http://www.w3.org/2001/XMLSchema-instance" xsi:noNamespaceSchemaLocation="https://maven.apache.org/surefire/maven-surefire-plugin/xsd/surefire-test-report.xsd" name="softwareeng.EquationSolverTest" time="0.512" tests="5" errors="0" skipped="0" failures="0">
  <properties>
[...]
</properties>
  <testcase name="auxWhenSqrtIsNegativeRaiseException" classname="softwareeng.EquationSolverTest" time="0.002"/>
  <testcase name="auxOk" classname="softwareeng.EquationSolverTest" time="0"/>
  <testcase name="caluclateWhenAEquals0RaiseException" classname="softwareeng.EquationSolverTest" time="0.001"/>
  <testcase name="caluclateOk" classname="softwareeng.EquationSolverTest" time="0.001"/>
  <testcase name="caluclateWithMockWhenAuxReturn0" classname="softwareeng.EquationSolverTest" time="0.463"/>
</testsuite>